This is pdfTeX, Version 3.14159265-2.6-1.40.21 (MiKTeX 2.9.7300 64-bit) (preloaded format=pdflatex 2020.2.8)  11 NOV 2020 14:48
entering extended mode
**./hw5.tex
(hw5.tex
LaTeX2e <2020-02-02>
L3 programming layer <2020-02-03>
("C:\Users\james\AppData\Local\Programs\MiKTeX 2.9\tex/latex/base\article.cls"
Document Class: article 2019/12/20 v1.4l Standard LaTeX document class
("C:\Users\james\AppData\Local\Programs\MiKTeX 2.9\tex/latex/base\size10.clo"
File: size10.clo 2019/12/20 v1.4l Standard LaTeX file (size option)
)
\c@part=\count167
\c@section=\count168
\c@subsection=\count169
\c@subsubsection=\count170
\c@paragraph=\count171
\c@subparagraph=\count172
\c@figure=\count173
\c@table=\count174
\abovecaptionskip=\skip47
\belowcaptionskip=\skip48
\bibindent=\dimen134
)
("C:\Users\james\AppData\Local\Programs\MiKTeX 2.9\tex/latex/geometry\geometry.
sty"
Package: geometry 2020/01/02 v5.9 Page Geometry

("C:\Users\james\AppData\Local\Programs\MiKTeX 2.9\tex/latex/graphics\keyval.st
y"
Package: keyval 2014/10/28 v1.15 key=value parser (DPC)
\KV@toks@=\toks14
)
("C:\Users\james\AppData\Local\Programs\MiKTeX 2.9\tex/generic/iftex\ifvtex.sty
"
Package: ifvtex 2019/10/25 v1.7 ifvtex legacy package. Use iftex instead.
 ("C:\Users\james\AppData\Local\Programs\MiKTeX 2.9\tex/generic/iftex\iftex.sty
"
Package: iftex 2019/11/07 v1.0c TeX engine tests
))
\Gm@cnth=\count175
\Gm@cntv=\count176
\c@Gm@tempcnt=\count177
\Gm@bindingoffset=\dimen135
\Gm@wd@mp=\dimen136
\Gm@odd@mp=\dimen137
\Gm@even@mp=\dimen138
\Gm@layoutwidth=\dimen139
\Gm@layoutheight=\dimen140
\Gm@layouthoffset=\dimen141
\Gm@layoutvoffset=\dimen142
\Gm@dimlist=\toks15

("C:\Users\james\AppData\Local\Programs\MiKTeX 2.9\tex/latex/geometry\geometry.
cfg"))
("C:\Users\james\AppData\Local\Programs\MiKTeX 2.9\tex/latex/hyperref\hyperref.
sty"
Package: hyperref 2020/01/14 v7.00d Hypertext links for LaTeX

("C:\Users\james\AppData\Local\Programs\MiKTeX 2.9\tex/generic/ltxcmds\ltxcmds.
sty"
Package: ltxcmds 2019/12/15 v1.24 LaTeX kernel commands for general use (HO)
)
("C:\Users\james\AppData\Local\Programs\MiKTeX 2.9\tex/latex/pdftexcmds\pdftexc
mds.sty"
Package: pdftexcmds 2019/11/24 v0.31 Utility functions of pdfTeX for LuaTeX (HO
)

("C:\Users\james\AppData\Local\Programs\MiKTeX 2.9\tex/generic/infwarerr\infwar
err.sty"
Package: infwarerr 2019/12/03 v1.5 Providing info/warning/error messages (HO)
)
Package pdftexcmds Info: \pdf@primitive is available.
Package pdftexcmds Info: \pdf@ifprimitive is available.
Package pdftexcmds Info: \pdfdraftmode found.
)
("C:\Users\james\AppData\Local\Programs\MiKTeX 2.9\tex/generic/kvsetkeys\kvsetk
eys.sty"
Package: kvsetkeys 2019/12/15 v1.18 Key value parser (HO)
)
("C:\Users\james\AppData\Local\Programs\MiKTeX 2.9\tex/generic/kvdefinekeys\kvd
efinekeys.sty"
Package: kvdefinekeys 2019-12-19 v1.6 Define keys (HO)
)
("C:\Users\james\AppData\Local\Programs\MiKTeX 2.9\tex/generic/pdfescape\pdfesc
ape.sty"
Package: pdfescape 2019/12/09 v1.15 Implements pdfTeX's escape features (HO)
)
("C:\Users\james\AppData\Local\Programs\MiKTeX 2.9\tex/latex/hycolor\hycolor.st
y"
Package: hycolor 2020-01-27 v1.10 Color options for hyperref/bookmark (HO)
)
("C:\Users\james\AppData\Local\Programs\MiKTeX 2.9\tex/latex/letltxmacro\letltx
macro.sty"
Package: letltxmacro 2019/12/03 v1.6 Let assignment for LaTeX macros (HO)
)
("C:\Users\james\AppData\Local\Programs\MiKTeX 2.9\tex/latex/auxhook\auxhook.st
y"
Package: auxhook 2019-12-17 v1.6 Hooks for auxiliary files (HO)
)
("C:\Users\james\AppData\Local\Programs\MiKTeX 2.9\tex/latex/kvoptions\kvoption
s.sty"
Package: kvoptions 2019/11/29 v3.13 Key value format for package options (HO)
)
\@linkdim=\dimen143
\Hy@linkcounter=\count178
\Hy@pagecounter=\count179

("C:\Users\james\AppData\Local\Programs\MiKTeX 2.9\tex/latex/hyperref\pd1enc.de
f"
File: pd1enc.def 2020/01/14 v7.00d Hyperref: PDFDocEncoding definition (HO)
Now handling font encoding PD1 ...
... no UTF-8 mapping file for font encoding PD1
)
("C:\Users\james\AppData\Local\Programs\MiKTeX 2.9\tex/generic/intcalc\intcalc.
sty"
Package: intcalc 2019/12/15 v1.3 Expandable calculations with integers (HO)
)
("C:\Users\james\AppData\Local\Programs\MiKTeX 2.9\tex/generic/etexcmds\etexcmd
s.sty"
Package: etexcmds 2019/12/15 v1.7 Avoid name clashes with e-TeX commands (HO)
)
\Hy@SavedSpaceFactor=\count180
Package hyperref Info: Option `colorlinks' set `true' on input line 4421.
Package hyperref Info: Hyper figures OFF on input line 4547.
Package hyperref Info: Link nesting OFF on input line 4552.
Package hyperref Info: Hyper index ON on input line 4555.
Package hyperref Info: Plain pages OFF on input line 4562.
Package hyperref Info: Backreferencing OFF on input line 4567.
Package hyperref Info: Implicit mode ON; LaTeX internals redefined.
Package hyperref Info: Bookmarks ON on input line 4800.
\c@Hy@tempcnt=\count181
 ("C:\Users\james\AppData\Local\Programs\MiKTeX 2.9\tex/latex/url\url.sty"
\Urlmuskip=\muskip16
Package: url 2013/09/16  ver 3.4  Verb mode for urls, etc.
)
LaTeX Info: Redefining \url on input line 5159.
\XeTeXLinkMargin=\dimen144

("C:\Users\james\AppData\Local\Programs\MiKTeX 2.9\tex/generic/bitset\bitset.st
y"
Package: bitset 2019/12/09 v1.3 Handle bit-vector datatype (HO)

("C:\Users\james\AppData\Local\Programs\MiKTeX 2.9\tex/generic/bigintcalc\bigin
tcalc.sty"
Package: bigintcalc 2019/12/15 v1.5 Expandable calculations on big integers (HO
)
))
\Fld@menulength=\count182
\Field@Width=\dimen145
\Fld@charsize=\dimen146
Package hyperref Info: Hyper figures OFF on input line 6430.
Package hyperref Info: Link nesting OFF on input line 6435.
Package hyperref Info: Hyper index ON on input line 6438.
Package hyperref Info: backreferencing OFF on input line 6445.
Package hyperref Info: Link coloring ON on input line 6448.
Package hyperref Info: Link coloring with OCG OFF on input line 6455.
Package hyperref Info: PDF/A mode OFF on input line 6460.
LaTeX Info: Redefining \ref on input line 6500.
LaTeX Info: Redefining \pageref on input line 6504.

("C:\Users\james\AppData\Local\Programs\MiKTeX 2.9\tex/generic/atbegshi\atbegsh
i.sty"
Package: atbegshi 2019/12/05 v1.19 At begin shipout hook (HO)
)
\Hy@abspage=\count183
\c@Item=\count184
\c@Hfootnote=\count185
)
Package hyperref Info: Driver (autodetected): hpdftex.

("C:\Users\james\AppData\Local\Programs\MiKTeX 2.9\tex/latex/hyperref\hpdftex.d
ef"
File: hpdftex.def 2020/01/14 v7.00d Hyperref driver for pdfTeX

("C:\Users\james\AppData\Local\Programs\MiKTeX 2.9\tex/latex/atveryend\atveryen
d.sty"
Package: atveryend 2019-12-11 v1.11 Hooks at the very end of document (HO)
Package atveryend Info: \enddocument detected (standard20110627).
)
\Fld@listcount=\count186
\c@bookmark@seq@number=\count187

("C:\Users\james\AppData\Local\Programs\MiKTeX 2.9\tex/latex/rerunfilecheck\rer
unfilecheck.sty"
Package: rerunfilecheck 2019/12/05 v1.9 Rerun checks for auxiliary files (HO)

("C:\Users\james\AppData\Local\Programs\MiKTeX 2.9\tex/generic/uniquecounter\un
iquecounter.sty"
Package: uniquecounter 2019/12/15 v1.4 Provide unlimited unique counter (HO)
)
Package uniquecounter Info: New unique counter `rerunfilecheck' on input line 2
86.
)
\Hy@SectionHShift=\skip49
)
("C:\Users\james\AppData\Local\Programs\MiKTeX 2.9\tex/latex/capt-of\capt-of.st
y"
Package: capt-of 2009/12/29 v0.2 standard captions outside of floats
)
("C:\Users\james\AppData\Local\Programs\MiKTeX 2.9\tex/latex/amsfonts\amssymb.s
ty"
Package: amssymb 2013/01/14 v3.01 AMS font symbols

("C:\Users\james\AppData\Local\Programs\MiKTeX 2.9\tex/latex/amsfonts\amsfonts.
sty"
Package: amsfonts 2013/01/14 v3.01 Basic AMSFonts support
\@emptytoks=\toks16
\symAMSa=\mathgroup4
\symAMSb=\mathgroup5
LaTeX Font Info:    Redeclaring math symbol \hbar on input line 98.
LaTeX Font Info:    Overwriting math alphabet `\mathfrak' in version `bold'
(Font)                  U/euf/m/n --> U/euf/b/n on input line 106.
))
("C:\Users\james\AppData\Local\Programs\MiKTeX 2.9\tex/latex/amsmath\amsmath.st
y"
Package: amsmath 2020/01/20 v2.17e AMS math features
\@mathmargin=\skip50

For additional information on amsmath, use the `?' option.

("C:\Users\james\AppData\Local\Programs\MiKTeX 2.9\tex/latex/amsmath\amstext.st
y"
Package: amstext 2000/06/29 v2.01 AMS text

("C:\Users\james\AppData\Local\Programs\MiKTeX 2.9\tex/latex/amsmath\amsgen.sty
"
File: amsgen.sty 1999/11/30 v2.0 generic functions
\@emptytoks=\toks17
\ex@=\dimen147
))
("C:\Users\james\AppData\Local\Programs\MiKTeX 2.9\tex/latex/amsmath\amsbsy.sty
"
Package: amsbsy 1999/11/29 v1.2d Bold Symbols
\pmbraise@=\dimen148
)
("C:\Users\james\AppData\Local\Programs\MiKTeX 2.9\tex/latex/amsmath\amsopn.sty
"
Package: amsopn 2016/03/08 v2.02 operator names
)
\inf@bad=\count188
LaTeX Info: Redefining \frac on input line 227.
\uproot@=\count189
\leftroot@=\count190
LaTeX Info: Redefining \overline on input line 389.
\classnum@=\count191
\DOTSCASE@=\count192
LaTeX Info: Redefining \ldots on input line 486.
LaTeX Info: Redefining \dots on input line 489.
LaTeX Info: Redefining \cdots on input line 610.
\Mathstrutbox@=\box45
\strutbox@=\box46
\big@size=\dimen149
LaTeX Font Info:    Redeclaring font encoding OML on input line 733.
LaTeX Font Info:    Redeclaring font encoding OMS on input line 734.
\macc@depth=\count193
\c@MaxMatrixCols=\count194
\dotsspace@=\muskip17
\c@parentequation=\count195
\dspbrk@lvl=\count196
\tag@help=\toks18
\row@=\count197
\column@=\count198
\maxfields@=\count199
\andhelp@=\toks19
\eqnshift@=\dimen150
\alignsep@=\dimen151
\tagshift@=\dimen152
\tagwidth@=\dimen153
\totwidth@=\dimen154
\lineht@=\dimen155
\@envbody=\toks20
\multlinegap=\skip51
\multlinetaggap=\skip52
\mathdisplay@stack=\toks21
LaTeX Info: Redefining \[ on input line 2859.
LaTeX Info: Redefining \] on input line 2860.
)
("C:\Users\james\AppData\Local\Programs\MiKTeX 2.9\tex/latex/graphics\graphicx.
sty"
Package: graphicx 2019/11/30 v1.2a Enhanced LaTeX Graphics (DPC,SPQR)

("C:\Users\james\AppData\Local\Programs\MiKTeX 2.9\tex/latex/graphics\graphics.
sty"
Package: graphics 2019/11/30 v1.4a Standard LaTeX Graphics (DPC,SPQR)

("C:\Users\james\AppData\Local\Programs\MiKTeX 2.9\tex/latex/graphics\trig.sty"
Package: trig 2016/01/03 v1.10 sin cos tan (DPC)
)
("C:\Users\james\AppData\Local\Programs\MiKTeX 2.9\tex/latex/graphics-cfg\graph
ics.cfg"
File: graphics.cfg 2016/06/04 v1.11 sample graphics configuration
)
Package graphics Info: Driver file: pdftex.def on input line 105.

("C:\Users\james\AppData\Local\Programs\MiKTeX 2.9\tex/latex/graphics-def\pdfte
x.def"
File: pdftex.def 2018/01/08 v1.0l Graphics/color driver for pdftex
))
\Gin@req@height=\dimen156
\Gin@req@width=\dimen157
)
("C:\Users\james\AppData\Local\Programs\MiKTeX 2.9\tex/latex/graphics\color.sty
"
Package: color 2019/11/23 v1.2a Standard LaTeX Color (DPC)

("C:\Users\james\AppData\Local\Programs\MiKTeX 2.9\tex/latex/graphics-cfg\color
.cfg"
File: color.cfg 2016/01/02 v1.6 sample color configuration
)
Package color Info: Driver file: pdftex.def on input line 147.
) ("C:\Users\james\AppData\Local\Programs\MiKTeX 2.9\tex/latex/bbm\bbm.sty"
Package: bbm 1999/03/15 V 1.2 provides fonts for set symbols - TH
LaTeX Font Info:    Overwriting math alphabet `\mathbbm' in version `bold'
(Font)                  U/bbm/m/n --> U/bbm/bx/n on input line 33.
LaTeX Font Info:    Overwriting math alphabet `\mathbbmss' in version `bold'
(Font)                  U/bbmss/m/n --> U/bbmss/bx/n on input line 35.
) ("C:\Users\james\AppData\Local\Programs\MiKTeX 2.9\tex/latex/float\float.sty"
Package: float 2001/11/08 v1.3d Float enhancements (AL)
\c@float@type=\count266
\float@exts=\toks22
\float@box=\box47
\@float@everytoks=\toks23
\@floatcapt=\box48
)
("C:\Users\james\AppData\Local\Programs\MiKTeX 2.9\tex/latex/listings\listings.
sty"
\lst@mode=\count267
\lst@gtempboxa=\box49
\lst@token=\toks24
\lst@length=\count268
\lst@currlwidth=\dimen158
\lst@column=\count269
\lst@pos=\count270
\lst@lostspace=\dimen159
\lst@width=\dimen160
\lst@newlines=\count271
\lst@lineno=\count272
\lst@maxwidth=\dimen161

("C:\Users\james\AppData\Local\Programs\MiKTeX 2.9\tex/latex/listings\lstmisc.s
ty"
File: lstmisc.sty 2019/09/10 1.8c (Carsten Heinz)
\c@lstnumber=\count273
\lst@skipnumbers=\count274
\lst@framebox=\box50
)
("C:\Users\james\AppData\Local\Programs\MiKTeX 2.9\tex/latex/listings\listings.
cfg"
File: listings.cfg 2019/09/10 1.8c listings configuration
))
Package: listings 2019/09/10 1.8c (Carsten Heinz)

("C:\Users\james\AppData\Local\Programs\MiKTeX 2.9\tex/latex/caption\subcaption
.sty"
Package: subcaption 2020/08/23 v1.3g Sub-captions (AR)

("C:\Users\james\AppData\Local\Programs\MiKTeX 2.9\tex/latex/caption\caption.st
y"
Package: caption 2020/09/02 v3.5a Customizing captions (AR)

("C:\Users\james\AppData\Local\Programs\MiKTeX 2.9\tex/latex/caption\caption3.s
ty"
Package: caption3 2020/08/30 v2.0 caption3 kernel (AR)
\captionmargin=\dimen162
\captionmargin@=\dimen163
\captionwidth=\dimen164
\caption@tempdima=\dimen165
\caption@indent=\dimen166
\caption@parindent=\dimen167
\caption@hangindent=\dimen168
Package caption Info: Standard document class detected.
)
\c@caption@flags=\count275
\c@continuedfloat=\count276
Package caption Info: float package is loaded.
Package caption Info: hyperref package is loaded.
Package caption Info: listings package is loaded.
)
\c@subfigure=\count277
\c@subtable=\count278
)
("C:\Users\james\AppData\Local\Programs\MiKTeX 2.9\tex/latex/l3backend\l3backen
d-pdfmode.def"
File: l3backend-pdfmode.def 2020-02-03 L3 backend support: PDF mode
\l__kernel_color_stack_int=\count279
\l__pdf_internal_box=\box51
) (hw5.aux)
\openout1 = `hw5.aux'.

LaTeX Font Info:    Checking defaults for OML/cmm/m/it on input line 62.
LaTeX Font Info:    ... okay on input line 62.
LaTeX Font Info:    Checking defaults for OMS/cmsy/m/n on input line 62.
LaTeX Font Info:    ... okay on input line 62.
LaTeX Font Info:    Checking defaults for OT1/cmr/m/n on input line 62.
LaTeX Font Info:    ... okay on input line 62.
LaTeX Font Info:    Checking defaults for T1/cmr/m/n on input line 62.
LaTeX Font Info:    ... okay on input line 62.
LaTeX Font Info:    Checking defaults for TS1/cmr/m/n on input line 62.
LaTeX Font Info:    ... okay on input line 62.
LaTeX Font Info:    Checking defaults for OMX/cmex/m/n on input line 62.
LaTeX Font Info:    ... okay on input line 62.
LaTeX Font Info:    Checking defaults for U/cmr/m/n on input line 62.
LaTeX Font Info:    ... okay on input line 62.
LaTeX Font Info:    Checking defaults for PD1/pdf/m/n on input line 62.
LaTeX Font Info:    ... okay on input line 62.

*geometry* driver: auto-detecting
*geometry* detected driver: pdftex
*geometry* verbose mode - [ preamble ] result:
* driver: pdftex
* paper: letterpaper
* layout: <same size as paper>
* layoutoffset:(h,v)=(0.0pt,0.0pt)
* modes: 
* h-part:(L,W,R)=(72.26999pt, 469.75502pt, 72.26999pt)
* v-part:(T,H,B)=(72.26999pt, 650.43001pt, 72.26999pt)
* \paperwidth=614.295pt
* \paperheight=794.96999pt
* \textwidth=469.75502pt
* \textheight=650.43001pt
* \oddsidemargin=0.0pt
* \evensidemargin=0.0pt
* \topmargin=-37.0pt
* \headheight=12.0pt
* \headsep=25.0pt
* \topskip=10.0pt
* \footskip=30.0pt
* \marginparwidth=65.0pt
* \marginparsep=11.0pt
* \columnsep=10.0pt
* \skip\footins=9.0pt plus 4.0pt minus 2.0pt
* \hoffset=0.0pt
* \voffset=0.0pt
* \mag=1000
* \@twocolumnfalse
* \@twosidefalse
* \@mparswitchfalse
* \@reversemarginfalse
* (1in=72.27pt=25.4mm, 1cm=28.453pt)

\AtBeginShipoutBox=\box52
Package hyperref Info: Link coloring ON on input line 62.

("C:\Users\james\AppData\Local\Programs\MiKTeX 2.9\tex/latex/hyperref\nameref.s
ty"
Package: nameref 2019/09/16 v2.46 Cross-referencing by name of section

("C:\Users\james\AppData\Local\Programs\MiKTeX 2.9\tex/latex/refcount\refcount.
sty"
Package: refcount 2019/12/15 v3.6 Data extraction from label references (HO)
)
("C:\Users\james\AppData\Local\Programs\MiKTeX 2.9\tex/generic/gettitlestring\g
ettitlestring.sty"
Package: gettitlestring 2019/12/15 v1.6 Cleanup title references (HO)
)
\c@section@level=\count280
)
LaTeX Info: Redefining \ref on input line 62.
LaTeX Info: Redefining \pageref on input line 62.
LaTeX Info: Redefining \nameref on input line 62.
 (hw5.out) (hw5.out)
\@outlinefile=\write3
\openout3 = `hw5.out'.


("C:\Users\james\AppData\Local\Programs\MiKTeX 2.9\tex/context/base/mkii\supp-p
df.mkii"
[Loading MPS to PDF converter (version 2006.09.02).]
\scratchcounter=\count281
\scratchdimen=\dimen169
\scratchbox=\box53
\nofMPsegments=\count282
\nofMParguments=\count283
\everyMPshowfont=\toks25
\MPscratchCnt=\count284
\MPscratchDim=\dimen170
\MPnumerator=\count285
\makeMPintoPDFobject=\count286
\everyMPtoPDFconversion=\toks26
)
("C:\Users\james\AppData\Local\Programs\MiKTeX 2.9\tex/latex/epstopdf-pkg\epsto
pdf-base.sty"
Package: epstopdf-base 2020-01-24 v2.11 Base part for package epstopdf
Package epstopdf-base Info: Redefining graphics rule for `.eps' on input line 4
85.
)
\c@lstlisting=\count287
Package caption Info: Begin \AtBeginDocument code.
Package caption Info: End \AtBeginDocument code.
LaTeX Font Info:    Trying to load font information for U+msa on input line 103
.

("C:\Users\james\AppData\Local\Programs\MiKTeX 2.9\tex/latex/amsfonts\umsa.fd"
File: umsa.fd 2013/01/14 v3.01 AMS symbols A
)
LaTeX Font Info:    Trying to load font information for U+msb on input line 103
.
("C:\Users\james\AppData\Local\Programs\MiKTeX 2.9\tex/latex/amsfonts\umsb.fd"
File: umsb.fd 2013/01/14 v3.01 AMS symbols B
)
<mnist.png, id=15, 462.528pt x 346.896pt>
File: mnist.png Graphic file (type png)
<use mnist.png>
Package pdftex.def Info: mnist.png  used on input line 109.
(pdftex.def)             Requested size: 231.26343pt x 173.44757pt.
[1

{C:/Users/james/AppData/Local/MiKTeX/2.9/pdftex/config/pdftex.map} <./mnist.png
>]
Underfull \hbox (badness 10000) in paragraph at lines 124--125

 []


Overfull \hbox (6.82314pt too wide) in paragraph at lines 145--158
[][] 
 []

[2]
<Submission/Figures/train_acc_vs_epoch.png, id=47, 462.528pt x 346.896pt>
File: Submission/Figures/train_acc_vs_epoch.png Graphic file (type png)
<use Submission/Figures/train_acc_vs_epoch.png>
Package pdftex.def Info: Submission/Figures/train_acc_vs_epoch.png  used on inp
ut line 166.
(pdftex.def)             Requested size: 462.52686pt x 346.89514pt.

Overfull \hbox (39.77187pt too wide) in paragraph at lines 166--167
 [] 
 []

<Submission/Figures/test_acc_vs_epoch.png, id=48, 462.528pt x 346.896pt>
File: Submission/Figures/test_acc_vs_epoch.png Graphic file (type png)
<use Submission/Figures/test_acc_vs_epoch.png>
Package pdftex.def Info: Submission/Figures/test_acc_vs_epoch.png  used on inpu
t line 170.
(pdftex.def)             Requested size: 462.52686pt x 346.89514pt.

Overfull \hbox (39.77187pt too wide) in paragraph at lines 170--171
 [] 
 []

[3 <./Submission/Figures/train_acc_vs_epoch.png>] [4 <./Submission/Figures/test
_acc_vs_epoch.png>]
("C:\Users\james\AppData\Local\Programs\MiKTeX 2.9\tex/latex/listings\lstlang1.
sty"
File: lstlang1.sty 2019/09/10 1.8c listings language file
)
Package hyperref Info: bookmark level for unknown lstlisting defaults to 0 on i
nput line 248.
 (Onlysvd_template_latex.py [5])
<Submission/Figures/optimal_rank_60_approx.png, id=108, 462.528pt x 346.896pt>
File: Submission/Figures/optimal_rank_60_approx.png Graphic file (type png)
<use Submission/Figures/optimal_rank_60_approx.png>
Package pdftex.def Info: Submission/Figures/optimal_rank_60_approx.png  used on
 input line 268.
(pdftex.def)             Requested size: 462.52686pt x 346.89514pt.

Overfull \hbox (39.77187pt too wide) in paragraph at lines 267--269
 [] 
 []

[6]
<Submission/Figures/suboptimal_rank_60_approx.png, id=135, 462.528pt x 346.896p
t>
File: Submission/Figures/suboptimal_rank_60_approx.png Graphic file (type png)
<use Submission/Figures/suboptimal_rank_60_approx.png>
Package pdftex.def Info: Submission/Figures/suboptimal_rank_60_approx.png  used
 on input line 271.
(pdftex.def)             Requested size: 462.52686pt x 346.89514pt.

Overfull \hbox (39.77187pt too wide) in paragraph at lines 270--272
 [] 
 []

[7 <./Submission/Figures/optimal_rank_60_approx.png>]
Overfull \hbox (11.22266pt too wide) in paragraph at lines 283--284
\OT1/cmr/m/n/10 In this part, you will be work-ing on the MNIST dataset again (
given in Data/X[]train.npy and Data/Y[]train.npy)
 []

<Submission/Figures/eigenvalues.png, id=142, 462.528pt x 346.896pt>
File: Submission/Figures/eigenvalues.png Graphic file (type png)
<use Submission/Figures/eigenvalues.png>
Package pdftex.def Info: Submission/Figures/eigenvalues.png  used on input line
 290.
(pdftex.def)             Requested size: 462.52686pt x 346.89514pt.

Overfull \hbox (17.77187pt too wide) in paragraph at lines 290--291
 [] 
 []

[8 <./Submission/Figures/suboptimal_rank_60_approx.png>]
<Submission/Figures/mean.png, id=150, 462.528pt x 346.896pt>
File: Submission/Figures/mean.png Graphic file (type png)
<use Submission/Figures/mean.png>
Package pdftex.def Info: Submission/Figures/mean.png  used on input line 300.
(pdftex.def)             Requested size: 462.52686pt x 346.89514pt.

Overfull \hbox (17.77187pt too wide) in paragraph at lines 300--301
 [] 
 []

[9 <./Submission/Figures/eigenvalues.png>]
<Submission/Figures/mean_cls_0.png, id=157, 462.528pt x 346.896pt>
File: Submission/Figures/mean_cls_0.png Graphic file (type png)
<use Submission/Figures/mean_cls_0.png>
Package pdftex.def Info: Submission/Figures/mean_cls_0.png  used on input line 
306.
(pdftex.def)             Requested size: 462.52686pt x 346.89514pt.

Overfull \hbox (17.77187pt too wide) in paragraph at lines 306--307
 [] 
 []

[10 <./Submission/Figures/mean.png>]
<Submission/Figures/mean_cls_1.png, id=163, 462.528pt x 346.896pt>
File: Submission/Figures/mean_cls_1.png Graphic file (type png)
<use Submission/Figures/mean_cls_1.png>
Package pdftex.def Info: Submission/Figures/mean_cls_1.png  used on input line 
312.
(pdftex.def)             Requested size: 462.52686pt x 346.89514pt.

Overfull \hbox (17.77187pt too wide) in paragraph at lines 312--313
 [] 
 []

[11 <./Submission/Figures/mean_cls_0.png>]
<Submission/Figures/mean_cls_2.png, id=169, 462.528pt x 346.896pt>
File: Submission/Figures/mean_cls_2.png Graphic file (type png)
<use Submission/Figures/mean_cls_2.png>
Package pdftex.def Info: Submission/Figures/mean_cls_2.png  used on input line 
318.
(pdftex.def)             Requested size: 462.52686pt x 346.89514pt.

Overfull \hbox (17.77187pt too wide) in paragraph at lines 318--319
 [] 
 []

[12 <./Submission/Figures/mean_cls_1.png>]
<Submission/Figures/mean_cls_3.png, id=175, 462.528pt x 346.896pt>
File: Submission/Figures/mean_cls_3.png Graphic file (type png)
<use Submission/Figures/mean_cls_3.png>
Package pdftex.def Info: Submission/Figures/mean_cls_3.png  used on input line 
324.
(pdftex.def)             Requested size: 462.52686pt x 346.89514pt.

Overfull \hbox (17.77187pt too wide) in paragraph at lines 324--325
 [] 
 []

[13 <./Submission/Figures/mean_cls_2.png>]
<Submission/Figures/mean_cls_4.png, id=182, 462.528pt x 346.896pt>
File: Submission/Figures/mean_cls_4.png Graphic file (type png)
<use Submission/Figures/mean_cls_4.png>
Package pdftex.def Info: Submission/Figures/mean_cls_4.png  used on input line 
330.
(pdftex.def)             Requested size: 462.52686pt x 346.89514pt.

Overfull \hbox (17.77187pt too wide) in paragraph at lines 330--331
 [] 
 []

[14 <./Submission/Figures/mean_cls_3.png>]
<Submission/Figures/mean_cls_5.png, id=188, 462.528pt x 346.896pt>
File: Submission/Figures/mean_cls_5.png Graphic file (type png)
<use Submission/Figures/mean_cls_5.png>
Package pdftex.def Info: Submission/Figures/mean_cls_5.png  used on input line 
336.
(pdftex.def)             Requested size: 462.52686pt x 346.89514pt.

Overfull \hbox (17.77187pt too wide) in paragraph at lines 336--337
 [] 
 []

[15 <./Submission/Figures/mean_cls_4.png>]
<Submission/Figures/mean_cls_6.png, id=194, 462.528pt x 346.896pt>
File: Submission/Figures/mean_cls_6.png Graphic file (type png)
<use Submission/Figures/mean_cls_6.png>
Package pdftex.def Info: Submission/Figures/mean_cls_6.png  used on input line 
342.
(pdftex.def)             Requested size: 462.52686pt x 346.89514pt.

Overfull \hbox (17.77187pt too wide) in paragraph at lines 342--343
 [] 
 []

[16 <./Submission/Figures/mean_cls_5.png>]
<Submission/Figures/mean_cls_7.png, id=200, 462.528pt x 346.896pt>
File: Submission/Figures/mean_cls_7.png Graphic file (type png)
<use Submission/Figures/mean_cls_7.png>
Package pdftex.def Info: Submission/Figures/mean_cls_7.png  used on input line 
348.
(pdftex.def)             Requested size: 462.52686pt x 346.89514pt.

Overfull \hbox (17.77187pt too wide) in paragraph at lines 348--349
 [] 
 []

[17 <./Submission/Figures/mean_cls_6.png>]
<Submission/Figures/mean_cls_8.png, id=206, 462.528pt x 346.896pt>
File: Submission/Figures/mean_cls_8.png Graphic file (type png)
<use Submission/Figures/mean_cls_8.png>
Package pdftex.def Info: Submission/Figures/mean_cls_8.png  used on input line 
354.
(pdftex.def)             Requested size: 462.52686pt x 346.89514pt.

Overfull \hbox (17.77187pt too wide) in paragraph at lines 354--355
 [] 
 []

[18 <./Submission/Figures/mean_cls_7.png>]
<Submission/Figures/mean_cls_9.png, id=212, 462.528pt x 346.896pt>
File: Submission/Figures/mean_cls_9.png Graphic file (type png)
<use Submission/Figures/mean_cls_9.png>
Package pdftex.def Info: Submission/Figures/mean_cls_9.png  used on input line 
360.
(pdftex.def)             Requested size: 462.52686pt x 346.89514pt.

Overfull \hbox (17.77187pt too wide) in paragraph at lines 360--361
 [] 
 []

[19 <./Submission/Figures/mean_cls_8.png>]
<Submission/Figures/pc_1.png, id=219, 462.528pt x 346.896pt>
File: Submission/Figures/pc_1.png Graphic file (type png)
<use Submission/Figures/pc_1.png>
Package pdftex.def Info: Submission/Figures/pc_1.png  used on input line 368.
(pdftex.def)             Requested size: 462.52686pt x 346.89514pt.

Overfull \hbox (17.77187pt too wide) in paragraph at lines 368--369
 [] 
 []

[20 <./Submission/Figures/mean_cls_9.png>]
<Submission/Figures/pc_2.png, id=226, 462.528pt x 346.896pt>
File: Submission/Figures/pc_2.png Graphic file (type png)
<use Submission/Figures/pc_2.png>
Package pdftex.def Info: Submission/Figures/pc_2.png  used on input line 374.
(pdftex.def)             Requested size: 462.52686pt x 346.89514pt.

Overfull \hbox (17.77187pt too wide) in paragraph at lines 374--375
 [] 
 []

[21 <./Submission/Figures/pc_1.png>]
<Submission/Figures/pc_3.png, id=232, 462.528pt x 346.896pt>
File: Submission/Figures/pc_3.png Graphic file (type png)
<use Submission/Figures/pc_3.png>
Package pdftex.def Info: Submission/Figures/pc_3.png  used on input line 380.
(pdftex.def)             Requested size: 462.52686pt x 346.89514pt.

Overfull \hbox (17.77187pt too wide) in paragraph at lines 380--381
 [] 
 []

[22 <./Submission/Figures/pc_2.png>]
<Submission/Figures/pc_4.png, id=238, 462.528pt x 346.896pt>
File: Submission/Figures/pc_4.png Graphic file (type png)
<use Submission/Figures/pc_4.png>
Package pdftex.def Info: Submission/Figures/pc_4.png  used on input line 386.
(pdftex.def)             Requested size: 462.52686pt x 346.89514pt.

Overfull \hbox (17.77187pt too wide) in paragraph at lines 386--387
 [] 
 []

[23 <./Submission/Figures/pc_3.png>]
<Submission/Figures/pc_5.png, id=244, 462.528pt x 346.896pt>
File: Submission/Figures/pc_5.png Graphic file (type png)
<use Submission/Figures/pc_5.png>
Package pdftex.def Info: Submission/Figures/pc_5.png  used on input line 392.
(pdftex.def)             Requested size: 462.52686pt x 346.89514pt.

Overfull \hbox (17.77187pt too wide) in paragraph at lines 392--393
 [] 
 []

[24 <./Submission/Figures/pc_4.png>]
<Submission/Figures/first_2_pcs.png, id=250, 462.528pt x 346.896pt>
File: Submission/Figures/first_2_pcs.png Graphic file (type png)
<use Submission/Figures/first_2_pcs.png>
Package pdftex.def Info: Submission/Figures/first_2_pcs.png  used on input line
 400.
(pdftex.def)             Requested size: 462.52686pt x 346.89514pt.

Overfull \hbox (17.77187pt too wide) in paragraph at lines 400--401
 [] 
 []

[25 <./Submission/Figures/pc_5.png>]
Package atveryend Info: Empty hook `BeforeClearDocument' on input line 409.
 [26 <./Submission/Figures/first_2_pcs.png>]
Package atveryend Info: Empty hook `AfterLastShipout' on input line 409.
 (hw5.aux)
Package atveryend Info: Executing hook `AtVeryEndDocument' on input line 409.
Package atveryend Info: Executing hook `AtEndAfterFileList' on input line 409.
Package rerunfilecheck Info: File `hw5.out' has not changed.
(rerunfilecheck)             Checksum: 50EB95E47EE32DCC9E1C730BCF516387;244.
Package atveryend Info: Empty hook `AtVeryVeryEnd' on input line 409.
 ) 
Here is how much of TeX's memory you used:
 10144 strings out of 481565
 156532 string characters out of 2914180
 658094 words of memory out of 3000000
 25095 multiletter control sequences out of 15000+200000
 540023 words of font info for 54 fonts, out of 3000000 for 9000
 1141 hyphenation exceptions out of 8191
 46i,8n,47p,708b,2129s stack positions out of 5000i,500n,10000p,200000b,50000s
 <C:\Users\james\AppData\Local\MiKTeX\2.9\fonts/pk/ljfour/jknappen/ec/dpi600\
tcrm0800.pk> <C:\Users\james\AppData\Local\MiKTeX\2.9\fonts/pk/ljfour/jknappen/
ec/dpi600\tcrm1000.pk><C:/Users/james/AppData/Local/Programs/MiKTeX 2.9/fonts/t
ype1/public/amsfonts/cm/cmbx10.pfb><C:/Users/james/AppData/Local/Programs/MiKTe
X 2.9/fonts/type1/public/amsfonts/cm/cmbx12.pfb><C:/Users/james/AppData/Local/P
rograms/MiKTeX 2.9/fonts/type1/public/amsfonts/cm/cmex10.pfb><C:/Users/james/Ap
pData/Local/Programs/MiKTeX 2.9/fonts/type1/public/amsfonts/cm/cmmi10.pfb><C:/U
sers/james/AppData/Local/Programs/MiKTeX 2.9/fonts/type1/public/amsfonts/cm/cmm
i5.pfb><C:/Users/james/AppData/Local/Programs/MiKTeX 2.9/fonts/type1/public/ams
fonts/cm/cmmi7.pfb><C:/Users/james/AppData/Local/Programs/MiKTeX 2.9/fonts/type
1/public/amsfonts/cm/cmr10.pfb><C:/Users/james/AppData/Local/Programs/MiKTeX 2.
9/fonts/type1/public/amsfonts/cm/cmr12.pfb><C:/Users/james/AppData/Local/Progra
ms/MiKTeX 2.9/fonts/type1/public/amsfonts/cm/cmr5.pfb><C:/Users/james/AppData/L
ocal/Programs/MiKTeX 2.9/fonts/type1/public/amsfonts/cm/cmr6.pfb><C:/Users/jame
s/AppData/Local/Programs/MiKTeX 2.9/fonts/type1/public/amsfonts/cm/cmr7.pfb><C:
/Users/james/AppData/Local/Programs/MiKTeX 2.9/fonts/type1/public/amsfonts/cm/c
mr8.pfb><C:/Users/james/AppData/Local/Programs/MiKTeX 2.9/fonts/type1/public/am
sfonts/cm/cmsy10.pfb><C:/Users/james/AppData/Local/Programs/MiKTeX 2.9/fonts/ty
pe1/public/amsfonts/cm/cmsy7.pfb><C:/Users/james/AppData/Local/Programs/MiKTeX 
2.9/fonts/type1/public/amsfonts/cm/cmti10.pfb><C:/Users/james/AppData/Local/Pro
grams/MiKTeX 2.9/fonts/type1/public/amsfonts/cm/cmtt10.pfb><C:/Users/james/AppD
ata/Local/Programs/MiKTeX 2.9/fonts/type1/public/amsfonts/cm/cmtt8.pfb><C:/User
s/james/AppData/Local/Programs/MiKTeX 2.9/fonts/type1/public/amsfonts/symbols/m
sbm10.pfb>
Output written on hw5.pdf (26 pages, 947038 bytes).
PDF statistics:
 350 PDF objects out of 1000 (max. 8388607)
 100 named destinations out of 1000 (max. 500000)
 140 words of extra memory for PDF output out of 10000 (max. 10000000)

